Removed Pin From Net: NetName=GND Pin=J3-7
Removed Pin From Net: NetName=GND Pin=J3-8
Removed Pin From Net: NetName=+5V Pin=J4-01
Removed Pin From Net: NetName=GND Pin=J4-04
Removed Pin From Net: NetName=GND Pin=J4-05
Removed Member From Class: ClassName=MCU Peripherals Member=J4
Change Component Designator: OldDesignator=C1 NewDesignator=C2
Change Component Designator: OldDesignator=C2 NewDesignator=C1
Change Component Designator: OldDesignator=J5 NewDesignator=J4
Change Component Designator: OldDesignator=J6 NewDesignator=J5
Change Component Designator: OldDesignator=R15 NewDesignator=R17
Change Component Designator: OldDesignator=R16 NewDesignator=R18
Change Component Designator: OldDesignator=R17 NewDesignator=R19
Change Component Designator: OldDesignator=R18 NewDesignator=R20
Change Component Designator: OldDesignator=R19 NewDesignator=R15
Change Component Designator: OldDesignator=R20 NewDesignator=R16
Added Pin To Net: NetName=+5V Pin=J3-7
Change Net Name : Old Net Name=NetC1_1 New Net Name=NetC2_1
Change Net Name : Old Net Name=NetC1_2 New Net Name=NetC2_2
Added Pin To Net: NetName=NetJ3_8 Pin=J3-8
Added Pin To Net: NetName=NetJ3_8 Pin=R17-1
Added Net: Name=NetJ3_8
Added Pin To Net: NetName=NetJ3_9 Pin=J3-9
Added Pin To Net: NetName=NetJ3_9 Pin=R18-1
Added Net: Name=NetJ3_9
