Added Component: Designator=C1(0805)
Added Component: Designator=C2(1206_10uF)
Added Component: Designator=C3(1206_10uF)
Added Component: Designator=C4(0603_Footprint)
Added Component: Designator=C5(0603_Footprint)
Added Component: Designator=C6(0603_Footprint)
Added Component: Designator=C7(0805)
Added Component: Designator=C8(1206_10uF)
Added Component: Designator=C9(1206_10uF)
Added Component: Designator=C10(1206_10uF)
Added Component: Designator=C11(1206_10uF)
Added Component: Designator=C12(0603_Footprint)
Added Component: Designator=C13(0603_Footprint)
Added Component: Designator=C14(0603_Footprint)
Added Component: Designator=C15(0603_Footprint)
Added Component: Designator=C16(0603_Footprint)
Added Component: Designator=C17(0603_Footprint)
Added Component: Designator=C18(0603_Footprint)
Added Component: Designator=C19(0603_Footprint)
Added Component: Designator=C20(0603_Footprint)
Added Component: Designator=C21(0603_Footprint)
Added Component: Designator=C22(0603_Footprint)
Added Component: Designator=C23(0603_Footprint)
Added Component: Designator=C24(0603_Footprint)
Added Component: Designator=C25(0603_Footprint)
Added Component: Designator=C26(0603_Footprint)
Added Component: Designator=C27(CAPPRD500W60D1250H2500)
Added Component: Designator=C28(0603_Footprint)
Added Component: Designator=C29(0603_Footprint)
Added Component: Designator=C30(0603_Footprint)
Added Component: Designator=C31(0805)
Added Component: Designator=C32(0805)
Added Component: Designator=C33(0805)
Added Component: Designator=D1(LEDC1608X80N)
Add component (AddParameter): Name = "Arrow Part Number"; Value = "LTST-C190KRKT"; VariantName = "[No Variations]"
Add component (AddParameter): Name = "Arrow Price/Stock"; Value = "https://www.arrow.com/en/products/ltst-c190krkt/lite-on-technology?region=europe"; VariantName = "[No Variations]"
Add component (AddParameter): Name = "Datasheet Link"; Value = "https://componentsearchengine.com/Datasheets/1/LTST-C190KRKT.pdf"; VariantName = "[No Variations]"
Add component (AddParameter): Name = "Height"; Value = "0.8mm"; VariantName = "[No Variations]"
Add component (AddParameter): Name = "Manufacturer_Name"; Value = "Lite-On"; VariantName = "[No Variations]"
Add component (AddParameter): Name = "Manufacturer_Part_Number"; Value = "LTST-C190KRKT"; VariantName = "[No Variations]"
Add component (AddParameter): Name = "Mouser Part Number"; Value = "859-LTST-C190KRKT"; VariantName = "[No Variations]"
Add component (AddParameter): Name = "Mouser Price/Stock"; Value = "https://www.mouser.co.uk/ProductDetail/Lite-On/LTST-C190KRKT?qs=kAD5fFa1n5VY3YYNWPC1Fg%3D%3D"; VariantName = "[No Variations]"
Added Component: Designator=D2(LEDC1608X80N)
Add component (AddParameter): Name = "Arrow Part Number"; Value = "LTST-C190KRKT"; VariantName = "[No Variations]"
Add component (AddParameter): Name = "Arrow Price/Stock"; Value = "https://www.arrow.com/en/products/ltst-c190krkt/lite-on-technology?region=europe"; VariantName = "[No Variations]"
Add component (AddParameter): Name = "Datasheet Link"; Value = "https://componentsearchengine.com/Datasheets/1/LTST-C190KRKT.pdf"; VariantName = "[No Variations]"
Add component (AddParameter): Name = "Height"; Value = "0.8mm"; VariantName = "[No Variations]"
Add component (AddParameter): Name = "Manufacturer_Name"; Value = "Lite-On"; VariantName = "[No Variations]"
Add component (AddParameter): Name = "Manufacturer_Part_Number"; Value = "LTST-C190KRKT"; VariantName = "[No Variations]"
Add component (AddParameter): Name = "Mouser Part Number"; Value = "859-LTST-C190KRKT"; VariantName = "[No Variations]"
Add component (AddParameter): Name = "Mouser Price/Stock"; Value = "https://www.mouser.co.uk/ProductDetail/Lite-On/LTST-C190KRKT?qs=kAD5fFa1n5VY3YYNWPC1Fg%3D%3D"; VariantName = "[No Variations]"
Added Component: Designator=D3(DIOM5436X244N)
Add component (AddParameter): Name = "Arrow Part Number"; Value = "SS26-E3/52T"; VariantName = "[No Variations]"
Add component (AddParameter): Name = "Arrow Price/Stock"; Value = "https://www.arrow.com/en/products/ss26-e352t/vishay?region=europe"; VariantName = "[No Variations]"
Add component (AddParameter): Name = "Datasheet Link"; Value = "https://componentsearchengine.com/Datasheets/2/SS26-E3_52T.pdf"; VariantName = "[No Variations]"
Add component (AddParameter): Name = "Height"; Value = "2.44mm"; VariantName = "[No Variations]"
Add component (AddParameter): Name = "Manufacturer_Name"; Value = "Vishay"; VariantName = "[No Variations]"
Add component (AddParameter): Name = "Manufacturer_Part_Number"; Value = "SS26-E3/52T"; VariantName = "[No Variations]"
Add component (AddParameter): Name = "Mouser Part Number"; Value = "625-SS26-E3"; VariantName = "[No Variations]"
Add component (AddParameter): Name = "Mouser Price/Stock"; Value = "https://www.mouser.co.uk/ProductDetail/Vishay-General-Semiconductor/SS26-E3-52T?qs=x2jpVgRnAtNToatHaCRUvw%3D%3D"; VariantName = "[No Variations]"
Added Component: Designator=D4(LEDC1608X80N)
Add component (AddParameter): Name = "Arrow Part Number"; Value = "LTST-C190KRKT"; VariantName = "[No Variations]"
Add component (AddParameter): Name = "Arrow Price/Stock"; Value = "https://www.arrow.com/en/products/ltst-c190krkt/lite-on-technology?region=europe"; VariantName = "[No Variations]"
Add component (AddParameter): Name = "Datasheet Link"; Value = "https://componentsearchengine.com/Datasheets/1/LTST-C190KRKT.pdf"; VariantName = "[No Variations]"
Add component (AddParameter): Name = "Height"; Value = "0.8mm"; VariantName = "[No Variations]"
Add component (AddParameter): Name = "Manufacturer_Name"; Value = "Lite-On"; VariantName = "[No Variations]"
Add component (AddParameter): Name = "Manufacturer_Part_Number"; Value = "LTST-C190KRKT"; VariantName = "[No Variations]"
Add component (AddParameter): Name = "Mouser Part Number"; Value = "859-LTST-C190KRKT"; VariantName = "[No Variations]"
Add component (AddParameter): Name = "Mouser Price/Stock"; Value = "https://www.mouser.co.uk/ProductDetail/Lite-On/LTST-C190KRKT?qs=kAD5fFa1n5VY3YYNWPC1Fg%3D%3D"; VariantName = "[No Variations]"
Added Component: Designator=D5(LEDC1608X80N)
Add component (AddParameter): Name = "Arrow Part Number"; Value = "LTST-C190KRKT"; VariantName = "[No Variations]"
Add component (AddParameter): Name = "Arrow Price/Stock"; Value = "https://www.arrow.com/en/products/ltst-c190krkt/lite-on-technology?region=europe"; VariantName = "[No Variations]"
Add component (AddParameter): Name = "Datasheet Link"; Value = "https://componentsearchengine.com/Datasheets/1/LTST-C190KRKT.pdf"; VariantName = "[No Variations]"
Add component (AddParameter): Name = "Height"; Value = "0.8mm"; VariantName = "[No Variations]"
Add component (AddParameter): Name = "Manufacturer_Name"; Value = "Lite-On"; VariantName = "[No Variations]"
Add component (AddParameter): Name = "Manufacturer_Part_Number"; Value = "LTST-C190KRKT"; VariantName = "[No Variations]"
Add component (AddParameter): Name = "Mouser Part Number"; Value = "859-LTST-C190KRKT"; VariantName = "[No Variations]"
Add component (AddParameter): Name = "Mouser Price/Stock"; Value = "https://www.mouser.co.uk/ProductDetail/Lite-On/LTST-C190KRKT?qs=kAD5fFa1n5VY3YYNWPC1Fg%3D%3D"; VariantName = "[No Variations]"
Added Component: Designator=D6(LEDC1608X80N)
Add component (AddParameter): Name = "Arrow Part Number"; Value = "LTST-C190KRKT"; VariantName = "[No Variations]"
Add component (AddParameter): Name = "Arrow Price/Stock"; Value = "https://www.arrow.com/en/products/ltst-c190krkt/lite-on-technology?region=europe"; VariantName = "[No Variations]"
Add component (AddParameter): Name = "Datasheet Link"; Value = "https://componentsearchengine.com/Datasheets/1/LTST-C190KRKT.pdf"; VariantName = "[No Variations]"
Add component (AddParameter): Name = "Height"; Value = "0.8mm"; VariantName = "[No Variations]"
Add component (AddParameter): Name = "Manufacturer_Name"; Value = "Lite-On"; VariantName = "[No Variations]"
Add component (AddParameter): Name = "Manufacturer_Part_Number"; Value = "LTST-C190KRKT"; VariantName = "[No Variations]"
Add component (AddParameter): Name = "Mouser Part Number"; Value = "859-LTST-C190KRKT"; VariantName = "[No Variations]"
Add component (AddParameter): Name = "Mouser Price/Stock"; Value = "https://www.mouser.co.uk/ProductDetail/Lite-On/LTST-C190KRKT?qs=kAD5fFa1n5VY3YYNWPC1Fg%3D%3D"; VariantName = "[No Variations]"
Added Component: Designator=FB1(Inductor-0805)
Added Component: Designator=J1(5PIN_254MM)
Add component (AddParameter): Name = "Availability"; Value = "Unavailable"; VariantName = "[No Variations]"
Add component (AddParameter): Name = "MF"; Value = ""; VariantName = "[No Variations]"
Add component (AddParameter): Name = "MP"; Value = "MTSW-105-09-G-S-480"; VariantName = "[No Variations]"
Add component (AddParameter): Name = "Package"; Value = "None"; VariantName = "[No Variations]"
Add component (AddParameter): Name = "Price"; Value = "None"; VariantName = "[No Variations]"
Add component (AddParameter): Name = "Value"; Value = ""; VariantName = "[No Variations]"
Added Component: Designator=J2(JST_B2B-PH-K-S)
Add component (AddParameter): Name = "Check_prices"; Value = "https://www.snapeda.com/parts/B2B-PH-K-S/JST/view-part/?ref=eda"; VariantName = "[No Variations]"
Add component (AddParameter): Name = "MF"; Value = "JST Sales America Inc."; VariantName = "[No Variations]"
Add component (AddParameter): Name = "MP"; Value = "B2B-PH-K-S"; VariantName = "[No Variations]"
Add component (AddParameter): Name = "Package"; Value = "None"; VariantName = "[No Variations]"
Add component (AddParameter): Name = "SnapEDA_Link"; Value = "https://www.snapeda.com/parts/B2B-PH-K-S/JST/view-part/?ref=snap"; VariantName = "[No Variations]"
Add component (AddParameter): Name = "Value"; Value = ""; VariantName = "[No Variations]"
Added Component: Designator=J3(L77SDEH09SOL2RM5)
Add component (AddParameter): Name = "Arrow Part Number"; Value = "L77SDEH09SOL2RM5"; VariantName = "[No Variations]"
Add component (AddParameter): Name = "Arrow Price/Stock"; Value = "https://www.arrow.com/en/products/l77sdeh09sol2rm5/amphenol-fci?region=nac"; VariantName = "[No Variations]"
Add component (AddParameter): Name = "Datasheet Link"; Value = "https://cdn.amphenol-cs.com/media/wysiwyg/files/drawing/l77sdxhxxsol2rm5.pdf"; VariantName = "[No Variations]"
Add component (AddParameter): Name = "Geometry.Height"; Value = "12.5mm"; VariantName = "[No Variations]"
Add component (AddParameter): Name = "Manufacturer_Name"; Value = "Amphenol Communications Solutions"; VariantName = "[No Variations]"
Add component (AddParameter): Name = "Manufacturer_Part_Number"; Value = "L77SDEH09SOL2RM5"; VariantName = "[No Variations]"
Add component (AddParameter): Name = "Mouser Part Number"; Value = "523-L77SDEH09SOL2RM5"; VariantName = "[No Variations]"
Add component (AddParameter): Name = "Mouser Price/Stock"; Value = "https://www.mouser.co.uk/ProductDetail/Amphenol-Commercial-Products/L77SDEH09SOL2RM5?qs=mq7kV%2Fq8lk5mrczxfq2%252BXg%3D%3D"; VariantName = "[No Variations]"
Added Component: Designator=J4(5PIN_254MM)
Add component (AddParameter): Name = "Availability"; Value = "Unavailable"; VariantName = "[No Variations]"
Add component (AddParameter): Name = "MF"; Value = ""; VariantName = "[No Variations]"
Add component (AddParameter): Name = "MP"; Value = "MTSW-105-09-G-S-480"; VariantName = "[No Variations]"
Add component (AddParameter): Name = "Package"; Value = "None"; VariantName = "[No Variations]"
Add component (AddParameter): Name = "Price"; Value = "None"; VariantName = "[No Variations]"
Add component (AddParameter): Name = "Value"; Value = ""; VariantName = "[No Variations]"
Added Component: Designator=J5(TE_282856-2)
Add component (AddParameter): Name = "Availability"; Value = "In Stock"; VariantName = "[No Variations]"
Add component (AddParameter): Name = "Check_prices"; Value = "https://www.snapeda.com/parts/282856-2/TE+Connectivity+AMP+Connectors/view-part/?ref=eda"; VariantName = "[No Variations]"
Add component (AddParameter): Name = "EU_RoHS_Compliance"; Value = "Compliant with Exemptions"; VariantName = "[No Variations]"
Add component (AddParameter): Name = "MF"; Value = "TE Connectivity"; VariantName = "[No Variations]"
Add component (AddParameter): Name = "MP"; Value = "282856-2"; VariantName = "[No Variations]"
Add component (AddParameter): Name = "Package"; Value = "None"; VariantName = "[No Variations]"
Add component (AddParameter): Name = "Price"; Value = "None"; VariantName = "[No Variations]"
Add component (AddParameter): Name = "Purchase-URL"; Value = "https://pricing.snapeda.com/search/part/282856-2/?ref=eda"; VariantName = "[No Variations]"
Add component (AddParameter): Name = "SnapEDA_Link"; Value = "https://www.snapeda.com/parts/282856-2/TE+Connectivity+AMP+Connectors/view-part/?ref=snap"; VariantName = "[No Variations]"
Add component (AddParameter): Name = "Value"; Value = ""; VariantName = "[No Variations]"
Added Component: Designator=J6(TE_282856-2)
Add component (AddParameter): Name = "Availability"; Value = "In Stock"; VariantName = "[No Variations]"
Add component (AddParameter): Name = "Check_prices"; Value = "https://www.snapeda.com/parts/282856-2/TE+Connectivity+AMP+Connectors/view-part/?ref=eda"; VariantName = "[No Variations]"
Add component (AddParameter): Name = "EU_RoHS_Compliance"; Value = "Compliant with Exemptions"; VariantName = "[No Variations]"
Add component (AddParameter): Name = "MF"; Value = "TE Connectivity"; VariantName = "[No Variations]"
Add component (AddParameter): Name = "MP"; Value = "282856-2"; VariantName = "[No Variations]"
Add component (AddParameter): Name = "Package"; Value = "None"; VariantName = "[No Variations]"
Add component (AddParameter): Name = "Price"; Value = "None"; VariantName = "[No Variations]"
Add component (AddParameter): Name = "Purchase-URL"; Value = "https://pricing.snapeda.com/search/part/282856-2/?ref=eda"; VariantName = "[No Variations]"
Add component (AddParameter): Name = "SnapEDA_Link"; Value = "https://www.snapeda.com/parts/282856-2/TE+Connectivity+AMP+Connectors/view-part/?ref=snap"; VariantName = "[No Variations]"
Add component (AddParameter): Name = "Value"; Value = ""; VariantName = "[No Variations]"
Added Component: Designator=L1(INDPM6965X300N)
Add component (AddParameter): Name = "Arrow Part Number"; Value = "IHLP2525CZER220M8A"; VariantName = "[No Variations]"
Add component (AddParameter): Name = "Arrow Price/Stock"; Value = "https://www.arrow.com/en/products/ihlp2525czer220m8a/vishay"; VariantName = "[No Variations]"
Add component (AddParameter): Name = "Datasheet Link"; Value = "https://componentsearchengine.com/Datasheets/2/IHLP2525CZER220M8A.pdf"; VariantName = "[No Variations]"
Add component (AddParameter): Name = "Height"; Value = "3mm"; VariantName = "[No Variations]"
Add component (AddParameter): Name = "Manufacturer_Name"; Value = "Vishay"; VariantName = "[No Variations]"
Add component (AddParameter): Name = "Manufacturer_Part_Number"; Value = "IHLP2525CZER220M8A"; VariantName = "[No Variations]"
Add component (AddParameter): Name = "Mouser Part Number"; Value = "70-IHLP2525CZR220M8A"; VariantName = "[No Variations]"
Add component (AddParameter): Name = "Mouser Price/Stock"; Value = "https://www.mouser.co.uk/ProductDetail/Vishay-Dale/IHLP2525CZER220M8A?qs=ei%2FvZTf36ZyKyW60gc1ORQ%3D%3D"; VariantName = "[No Variations]"
Added Component: Designator=L2(WE-LHMI_8030)
Add component (AddParameter): Name = "Case/Size Code"; Value = "8030"; VariantName = "[No Variations]"
Add component (AddParameter): Name = "Category"; Value = "Power Inductors"; VariantName = "[No Variations]"
Add component (AddParameter): Name = "ComponentLink1Description"; Value = "Website Link"; VariantName = "[No Variations]"
Add component (AddParameter): Name = "ComponentLink1URL"; Value = "https://www.we-online.com/redexpert/article/74437356068?ad"; VariantName = "[No Variations]"
Add component (AddParameter): Name = "ComponentLink2Description"; Value = "Datasheet Link"; VariantName = "[No Variations]"
Add component (AddParameter): Name = "ComponentLink2URL"; Value = "https://www.we-online.com/redexpert/spec/74437356068?ad"; VariantName = "[No Variations]"
Add component (AddParameter): Name = "DC Resistance"; Value = "35.5mOhm"; VariantName = "[No Variations]"
Add component (AddParameter): Name = "DC Resistance Max"; Value = "49.3mOhm"; VariantName = "[No Variations]"
Add component (AddParameter): Name = "Height"; Value = "3mm"; VariantName = "[No Variations]"
Add component (AddParameter): Name = "Length"; Value = "9.2mm"; VariantName = "[No Variations]"
Add component (AddParameter): Name = "Manufacturer"; Value = "Wurth Elektronik"; VariantName = "[No Variations]"
Add component (AddParameter): Name = "Manufacturer Part Number"; Value = "74437356068"; VariantName = "[No Variations]"
Add component (AddParameter): Name = "Match Code"; Value = "WE-LHMI"; VariantName = "[No Variations]"
Add component (AddParameter): Name = "Mount"; Value = "Surface Mount"; VariantName = "[No Variations]"
Add component (AddParameter): Name = "Operating Temperature Max"; Value = "125°C"; VariantName = "[No Variations]"
Add component (AddParameter): Name = "Operating Temperature Min"; Value = "-40°C"; VariantName = "[No Variations]"
Add component (AddParameter): Name = "Packaging"; Value = "Tape and Reel"; VariantName = "[No Variations]"
Add component (AddParameter): Name = "Performance Rated Current"; Value = "5.8A"; VariantName = "[No Variations]"
Add component (AddParameter): Name = "Saturation Current @ 10%"; Value = "6.9A"; VariantName = "[No Variations]"
Add component (AddParameter): Name = "Saturation Current @ 30%"; Value = "14.2A"; VariantName = "[No Variations]"
Add component (AddParameter): Name = "Self Resonant Frequency"; Value = "14MHz"; VariantName = "[No Variations]"
Add component (AddParameter): Name = "Width"; Value = "8.5mm"; VariantName = "[No Variations]"
Add component (AddParameter): Name = "Inductance"; Value = "6.8uH"; VariantName = "[No Variations]"
Added Component: Designator=Q1(DPAK254P1524X457-3N)
Add component (AddParameter): Name = "Availability"; Value = "In Stock"; VariantName = "[No Variations]"
Add component (AddParameter): Name = "Check_prices"; Value = "https://www.snapeda.com/parts/IPB60R165CP/Infineon/view-part/?ref=eda"; VariantName = "[No Variations]"
Add component (AddParameter): Name = "MF"; Value = "Infineon"; VariantName = "[No Variations]"
Add component (AddParameter): Name = "MP"; Value = "IPB60R165CP"; VariantName = "[No Variations]"
Add component (AddParameter): Name = "Package"; Value = "TO-263 Infineon"; VariantName = "[No Variations]"
Add component (AddParameter): Name = "Price"; Value = "None"; VariantName = "[No Variations]"
Add component (AddParameter): Name = "SnapEDA_Link"; Value = "https://www.snapeda.com/parts/IPB60R165CP/Infineon/view-part/?ref=snap"; VariantName = "[No Variations]"
Add component (AddParameter): Name = "Value"; Value = ""; VariantName = "[No Variations]"
Added Component: Designator=Q2(DPAK254P1524X457-3N)
Add component (AddParameter): Name = "Availability"; Value = "In Stock"; VariantName = "[No Variations]"
Add component (AddParameter): Name = "Check_prices"; Value = "https://www.snapeda.com/parts/IPB60R165CP/Infineon/view-part/?ref=eda"; VariantName = "[No Variations]"
Add component (AddParameter): Name = "MF"; Value = "Infineon"; VariantName = "[No Variations]"
Add component (AddParameter): Name = "MP"; Value = "IPB60R165CP"; VariantName = "[No Variations]"
Add component (AddParameter): Name = "Package"; Value = "TO-263 Infineon"; VariantName = "[No Variations]"
Add component (AddParameter): Name = "Price"; Value = "None"; VariantName = "[No Variations]"
Add component (AddParameter): Name = "SnapEDA_Link"; Value = "https://www.snapeda.com/parts/IPB60R165CP/Infineon/view-part/?ref=snap"; VariantName = "[No Variations]"
Add component (AddParameter): Name = "Value"; Value = ""; VariantName = "[No Variations]"
Added Component: Designator=Q3(DPAK254P1524X457-3N)
Add component (AddParameter): Name = "Availability"; Value = "In Stock"; VariantName = "[No Variations]"
Add component (AddParameter): Name = "Check_prices"; Value = "https://www.snapeda.com/parts/IPB60R165CP/Infineon/view-part/?ref=eda"; VariantName = "[No Variations]"
Add component (AddParameter): Name = "MF"; Value = "Infineon"; VariantName = "[No Variations]"
Add component (AddParameter): Name = "MP"; Value = "IPB60R165CP"; VariantName = "[No Variations]"
Add component (AddParameter): Name = "Package"; Value = "TO-263 Infineon"; VariantName = "[No Variations]"
Add component (AddParameter): Name = "Price"; Value = "None"; VariantName = "[No Variations]"
Add component (AddParameter): Name = "SnapEDA_Link"; Value = "https://www.snapeda.com/parts/IPB60R165CP/Infineon/view-part/?ref=snap"; VariantName = "[No Variations]"
Add component (AddParameter): Name = "Value"; Value = ""; VariantName = "[No Variations]"
Added Component: Designator=Q4(DPAK254P1524X457-3N)
Add component (AddParameter): Name = "Availability"; Value = "In Stock"; VariantName = "[No Variations]"
Add component (AddParameter): Name = "Check_prices"; Value = "https://www.snapeda.com/parts/IPB60R165CP/Infineon/view-part/?ref=eda"; VariantName = "[No Variations]"
Add component (AddParameter): Name = "MF"; Value = "Infineon"; VariantName = "[No Variations]"
Add component (AddParameter): Name = "MP"; Value = "IPB60R165CP"; VariantName = "[No Variations]"
Add component (AddParameter): Name = "Package"; Value = "TO-263 Infineon"; VariantName = "[No Variations]"
Add component (AddParameter): Name = "Price"; Value = "None"; VariantName = "[No Variations]"
Add component (AddParameter): Name = "SnapEDA_Link"; Value = "https://www.snapeda.com/parts/IPB60R165CP/Infineon/view-part/?ref=snap"; VariantName = "[No Variations]"
Add component (AddParameter): Name = "Value"; Value = ""; VariantName = "[No Variations]"
Added Component: Designator=R1(0603_RES)
Added Component: Designator=R2(0603_RES)
Added Component: Designator=R3(0603_RES)
Added Component: Designator=R4(0603_RES)
Added Component: Designator=R5(0603_RES)
Added Component: Designator=R6(0603_RES)
Added Component: Designator=R7(0603_RES)
Added Component: Designator=R8(0603_RES)
Added Component: Designator=R9(0603_RES)
Added Component: Designator=R10(0603_RES)
Added Component: Designator=R11(0603_RES)
Added Component: Designator=R12(0603_RES)
Added Component: Designator=R13(0603_RES)
Added Component: Designator=R14(0603_RES)
Added Component: Designator=R15(0603_RES)
Added Component: Designator=R16(0603_RES)
Added Component: Designator=R17(0603_RES)
Added Component: Designator=R18(0603_RES)
Added Component: Designator=R19(0603_RES)
Added Component: Designator=R20(0603_RES)
Added Component: Designator=R21(0603_RES)
Added Component: Designator=R22(0603_RES)
Added Component: Designator=R23(BVTIR00310)
Add component (AddParameter): Name = "Arrow Part Number"; Value = ""; VariantName = "[No Variations]"
Add component (AddParameter): Name = "Arrow Price/Stock"; Value = ""; VariantName = "[No Variations]"
Add component (AddParameter): Name = "Datasheet Link"; Value = "https://www.isabellenhuetteusa.com/wp-content/uploads/2020/05/BVT.pdf"; VariantName = "[No Variations]"
Add component (AddParameter): Name = "Height"; Value = "0.38mm"; VariantName = "[No Variations]"
Add component (AddParameter): Name = "Manufacturer_Name"; Value = "Isabellenhutte"; VariantName = "[No Variations]"
Add component (AddParameter): Name = "Manufacturer_Part_Number"; Value = "BVT-I-R003-1.0"; VariantName = "[No Variations]"
Add component (AddParameter): Name = "Mouser Part Number"; Value = ""; VariantName = "[No Variations]"
Add component (AddParameter): Name = "Mouser Price/Stock"; Value = ""; VariantName = "[No Variations]"
Added Component: Designator=R24(0603_RES)
Added Component: Designator=R25(0603_RES)
Added Component: Designator=R26(0603_RES)
Added Component: Designator=R27(0603_RES)
Added Component: Designator=R28(0603_RES)
Added Component: Designator=U1(SOT95P280X125-6N)
Add component (AddParameter): Name = "Arrow Part Number"; Value = "AOZ1282CI"; VariantName = "[No Variations]"
Add component (AddParameter): Name = "Arrow Price/Stock"; Value = "https://www.arrow.com/en/products/aoz1282ci/alpha-and-omega-semiconductor?region=nac"; VariantName = "[No Variations]"
Add component (AddParameter): Name = "Datasheet Link"; Value = "http://www.aosmd.com/res/data_sheets/AOZ1282CI.pdf"; VariantName = "[No Variations]"
Add component (AddParameter): Name = "Height"; Value = "1.25mm"; VariantName = "[No Variations]"
Add component (AddParameter): Name = "Manufacturer_Name"; Value = "Alpha & Omega Semiconductors"; VariantName = "[No Variations]"
Add component (AddParameter): Name = "Manufacturer_Part_Number"; Value = "AOZ1282CI"; VariantName = "[No Variations]"
Add component (AddParameter): Name = "Mouser Part Number"; Value = ""; VariantName = "[No Variations]"
Add component (AddParameter): Name = "Mouser Price/Stock"; Value = ""; VariantName = "[No Variations]"
Add Component: Footprint Not Found SOT95P280X145-5N
Added Component: Designator=U3(SOT95P280X110-6N)
Add component (AddParameter): Name = "Arrow Part Number"; Value = "LMR51430YDDCR"; VariantName = "[No Variations]"
Add component (AddParameter): Name = "Arrow Price/Stock"; Value = "https://www.arrow.com/en/products/lmr51430yddcr/texas-instruments?region=nac"; VariantName = "[No Variations]"
Add component (AddParameter): Name = "Datasheet Link"; Value = "https://www.ti.com/lit/ds/symlink/lmr51430.pdf?ts=1657817980313&ref_url=https%253A%252F%252Fwww.ti.com%252Fproduct%252FLMR51430%253FkeyMatch%253DLMR51430%2526tisearch%253Dsearch-everything%2526usecase%253DGPN"; VariantName = "[No Variations]"
Add component (AddParameter): Name = "Height"; Value = "1.1mm"; VariantName = "[No Variations]"
Add component (AddParameter): Name = "Manufacturer_Name"; Value = "Texas Instruments"; VariantName = "[No Variations]"
Add component (AddParameter): Name = "Manufacturer_Part_Number"; Value = "LMR51430YDDCR"; VariantName = "[No Variations]"
Add component (AddParameter): Name = "Mouser Part Number"; Value = "595-LMR51430YDDCR"; VariantName = "[No Variations]"
Add component (AddParameter): Name = "Mouser Price/Stock"; Value = "https://www.mouser.co.uk/ProductDetail/Texas-Instruments/LMR51430YDDCR?qs=vvQtp7zwQdMdLcsY5sFiMg%3D%3D"; VariantName = "[No Variations]"
Added Component: Designator=U4(QFN50P700X700X60-49N)
Add component (AddParameter): Name = "Arrow Part Number"; Value = "STM32F042C6U6"; VariantName = "[No Variations]"
Add component (AddParameter): Name = "Arrow Price/Stock"; Value = "https://www.arrow.com/en/products/stm32f042c6u6/stmicroelectronics"; VariantName = "[No Variations]"
Add component (AddParameter): Name = "Datasheet Link"; Value = "https://www.st.com/resource/en/datasheet/stm32f042c6.pdf"; VariantName = "[No Variations]"
Add component (AddParameter): Name = "Geometry.Height"; Value = "0.65mm"; VariantName = "[No Variations]"
Add component (AddParameter): Name = "Manufacturer_Name"; Value = "STMicroelectronics"; VariantName = "[No Variations]"
Add component (AddParameter): Name = "Manufacturer_Part_Number"; Value = "STM32F042C6U6"; VariantName = "[No Variations]"
Add component (AddParameter): Name = "Mouser Part Number"; Value = "511-STM32F042C6U6"; VariantName = "[No Variations]"
Add component (AddParameter): Name = "Mouser Price/Stock"; Value = "https://www.mouser.co.uk/ProductDetail/STMicroelectronics/STM32F042C6U6?qs=4l9S5vBWkUI%2FX%2FLe94sSqA%3D%3D"; VariantName = "[No Variations]"
Added Component: Designator=U5(SOIC127P600X175-8N)
Add component (AddParameter): Name = "Arrow Part Number"; Value = "SN65HVD10DR"; VariantName = "[No Variations]"
Add component (AddParameter): Name = "Arrow Price/Stock"; Value = "https://www.arrow.com/en/products/sn65hvd10dr/texas-instruments?region=nac"; VariantName = "[No Variations]"
Add component (AddParameter): Name = "Datasheet Link"; Value = "http://www.ti.com/lit/gpn/sn65hvd10"; VariantName = "[No Variations]"
Add component (AddParameter): Name = "Height"; Value = "1.75mm"; VariantName = "[No Variations]"
Add component (AddParameter): Name = "Manufacturer_Name"; Value = "Texas Instruments"; VariantName = "[No Variations]"
Add component (AddParameter): Name = "Manufacturer_Part_Number"; Value = "SN65HVD10DR"; VariantName = "[No Variations]"
Add component (AddParameter): Name = "Mouser Part Number"; Value = "595-SN65HVD10DR"; VariantName = "[No Variations]"
Add component (AddParameter): Name = "Mouser Price/Stock"; Value = "https://www.mouser.co.uk/ProductDetail/Texas-Instruments/SN65HVD10DR?qs=QViXGNcIEAviyhAwS0yoXQ%3D%3D"; VariantName = "[No Variations]"
Added Component: Designator=U6(SOIC127P600X175-8N)
Add component (AddParameter): Name = "Arrow Part Number"; Value = "MCP2558FDT-H/SN"; VariantName = "[No Variations]"
Add component (AddParameter): Name = "Arrow Price/Stock"; Value = "https://www.arrow.com/en/products/mcp2558fdt-hsn/microchip-technology?region=nac"; VariantName = "[No Variations]"
Add component (AddParameter): Name = "Datasheet Link"; Value = "https://ww1.microchip.com/downloads/en/DeviceDoc/20005533A.pdf"; VariantName = "[No Variations]"
Add component (AddParameter): Name = "Geometry.Height"; Value = "1.75mm"; VariantName = "[No Variations]"
Add component (AddParameter): Name = "Manufacturer_Name"; Value = "Microchip"; VariantName = "[No Variations]"
Add component (AddParameter): Name = "Manufacturer_Part_Number"; Value = "MCP2558FDT-H/SN"; VariantName = "[No Variations]"
Add component (AddParameter): Name = "Mouser Part Number"; Value = "579-MCP2558FDT-H/SN"; VariantName = "[No Variations]"
Add component (AddParameter): Name = "Mouser Price/Stock"; Value = "https://www.mouser.co.uk/ProductDetail/Microchip-Technology/MCP2558FDT-H-SN?qs=ZEMkBHnybRFERYnvJEsEHA%3D%3D"; VariantName = "[No Variations]"
Add Component: Footprint Not Found SOIC127P600X175-8N
Added Component: Designator=U8(SOT95P280X145-5N)
Add component (AddParameter): Name = "Arrow Part Number"; Value = "INA139NA/3K"; VariantName = "[No Variations]"
Add component (AddParameter): Name = "Arrow Price/Stock"; Value = "https://www.arrow.com/en/products/ina139na3k/texas-instruments?region=nac"; VariantName = "[No Variations]"
Add component (AddParameter): Name = "Datasheet Link"; Value = "http://www.ti.com/lit/gpn/ina139"; VariantName = "[No Variations]"
Add component (AddParameter): Name = "Height"; Value = "1.45mm"; VariantName = "[No Variations]"
Add component (AddParameter): Name = "Manufacturer_Name"; Value = "Texas Instruments"; VariantName = "[No Variations]"
Add component (AddParameter): Name = "Manufacturer_Part_Number"; Value = "INA139NA/3K"; VariantName = "[No Variations]"
Add component (AddParameter): Name = "Mouser Part Number"; Value = "595-INA139NA/3K"; VariantName = "[No Variations]"
Add component (AddParameter): Name = "Mouser Price/Stock"; Value = "https://www.mouser.co.uk/ProductDetail/Texas-Instruments/INA139NA-3K?qs=VBduBm9rCJS5yg1Xiaw5Dw%3D%3D"; VariantName = "[No Variations]"
Add Component: Footprint Not Found SOIC127P599X175-8N
Add Component: Footprint Not Found SOIC127P599X175-8N
Added Component: Designator=XTAL1(ABM3)
Add component (AddParameter): Name = "Arrow Part Number"; Value = "ABM3-8.000MHZ-D2Y-T"; VariantName = "[No Variations]"
Add component (AddParameter): Name = "Arrow Price/Stock"; Value = "https://www.arrow.com/en/products/abm3-8.000mhz-d2y-t/abracon?region=europe"; VariantName = "[No Variations]"
Add component (AddParameter): Name = "Datasheet Link"; Value = "https://abracon.com/Resonators/abm3.pdf"; VariantName = "[No Variations]"
Add component (AddParameter): Name = "Height"; Value = "1.3mm"; VariantName = "[No Variations]"
Add component (AddParameter): Name = "Manufacturer_Name"; Value = "ABRACON"; VariantName = "[No Variations]"
Add component (AddParameter): Name = "Manufacturer_Part_Number"; Value = "ABM3-8.000MHZ-D2Y-T"; VariantName = "[No Variations]"
Add component (AddParameter): Name = "Mouser Part Number"; Value = "815-ABM3-8-D2Y-T"; VariantName = "[No Variations]"
Add component (AddParameter): Name = "Mouser Price/Stock"; Value = "https://www.mouser.co.uk/ProductDetail/ABRACON/ABM3-8.000MHZ-D2Y-T?qs=ihRgKfnEsN4giUXjc3yS1g%3D%3D"; VariantName = "[No Variations]"
Added Pin To Net: NetName=+3v3 Pin=C5-1
Added Pin To Net: NetName=+3v3 Pin=C12-1
Added Pin To Net: NetName=+3v3 Pin=C13-1
Added Pin To Net: NetName=+3v3 Pin=C14-1
Added Pin To Net: NetName=+3v3 Pin=C15-1
Added Pin To Net: NetName=+3v3 Pin=C16-1
Added Pin To Net: NetName=+3v3 Pin=C17-1
Added Pin To Net: NetName=+3v3 Pin=C25-1
Added Pin To Net: NetName=+3v3 Pin=D2-2
Added Pin To Net: NetName=+3v3 Pin=FB1-2
Added Pin To Net: NetName=+3v3 Pin=J1-01
Added Pin To Net: NetName=+3v3 Pin=J3-1
Added Pin To Net: NetName=+3v3 Pin=R10-2
Added Pin To Net: NetName=+3v3 Pin=R11-2
Added Pin To Net: NetName=+3v3 Pin=R21-2
Added Pin To Net: NetName=+3v3 Pin=R22-2
Added Pin To Net: NetName=+3v3 Pin=U4-1
Added Pin To Net: NetName=+3v3 Pin=U4-24
Added Pin To Net: NetName=+3v3 Pin=U4-36
Added Pin To Net: NetName=+3v3 Pin=U4-48
Added Pin To Net: NetName=+3v3 Pin=U5-8
Added Pin To Net: NetName=+3v3 Pin=U6-5
Added Net: Name=+3v3
Added Pin To Net: NetName=+5V Pin=C3-1
Added Pin To Net: NetName=+5V Pin=C4-1
Added Pin To Net: NetName=+5V Pin=C24-1
Added Pin To Net: NetName=+5V Pin=D1-2
Added Pin To Net: NetName=+5V Pin=J4-01
Added Pin To Net: NetName=+5V Pin=L1-2
Added Pin To Net: NetName=+5V Pin=R1-2
Added Pin To Net: NetName=+5V Pin=U6-2
Added Net: Name=+5V
Added Pin To Net: NetName=+12V Pin=C9-1
Added Pin To Net: NetName=+12V Pin=C10-1
Added Pin To Net: NetName=+12V Pin=C11-1
Added Pin To Net: NetName=+12V Pin=C29-2
Added Pin To Net: NetName=+12V Pin=C30-2
Added Pin To Net: NetName=+12V Pin=L2-2
Added Pin To Net: NetName=+12V Pin=R5-2
Added Net: Name=+12V
Added Pin To Net: NetName=+VBUS Pin=C2-1
Added Pin To Net: NetName=+VBUS Pin=C8-1
Added Pin To Net: NetName=+VBUS Pin=C26-1
Added Pin To Net: NetName=+VBUS Pin=C27-P
Added Pin To Net: NetName=+VBUS Pin=J5-1
Added Pin To Net: NetName=+VBUS Pin=R19-2
Added Pin To Net: NetName=+VBUS Pin=R23-2
Added Pin To Net: NetName=+VBUS Pin=U1-4
Added Pin To Net: NetName=+VBUS Pin=U1-5
Added Pin To Net: NetName=+VBUS Pin=U3-3
Added Pin To Net: NetName=+VBUS Pin=U3-5
Added Pin To Net: NetName=+VBUS Pin=U8-3
Added Pin To Net: NetName=+VBUS Pin=U8-5
Added Net: Name=+VBUS
Added Pin To Net: NetName=BOOT_0 Pin=R11-1
Added Pin To Net: NetName=BOOT_0 Pin=R12-2
Added Pin To Net: NetName=BOOT_0 Pin=U4-44
Added Net: Name=BOOT_0
Added Pin To Net: NetName=CAN_N Pin=J3-5
Added Pin To Net: NetName=CAN_N Pin=U6-6
Added Net: Name=CAN_N
Added Pin To Net: NetName=CAN_P Pin=J3-4
Added Pin To Net: NetName=CAN_P Pin=U6-7
Added Net: Name=CAN_P
Added Pin To Net: NetName=CAN_RX Pin=U4-45
Added Pin To Net: NetName=CAN_RX Pin=U6-1
Added Net: Name=CAN_RX
Added Pin To Net: NetName=CAN_S Pin=U4-43
Added Pin To Net: NetName=CAN_S Pin=U6-8
Added Net: Name=CAN_S
Added Pin To Net: NetName=CAN_TX Pin=U4-46
Added Pin To Net: NetName=CAN_TX Pin=U6-4
Added Net: Name=CAN_TX
Added Pin To Net: NetName=COMM Pin=D6-2
Added Pin To Net: NetName=COMM Pin=U4-29
Added Net: Name=COMM
Added Pin To Net: NetName=CRUISE Pin=J3-9
Added Pin To Net: NetName=CRUISE Pin=U4-15
Added Net: Name=CRUISE
Added Pin To Net: NetName=FAULT Pin=D5-2
Added Pin To Net: NetName=FAULT Pin=U4-28
Added Net: Name=FAULT
Added Pin To Net: NetName=FB_5V Pin=R1-1
Added Pin To Net: NetName=FB_5V Pin=R3-2
Added Pin To Net: NetName=FB_5V Pin=U1-3
Added Net: Name=FB_5V
Added Pin To Net: NetName=GND Pin=C2-2
Added Pin To Net: NetName=GND Pin=C3-2
Added Pin To Net: NetName=GND Pin=C4-2
Added Pin To Net: NetName=GND Pin=C5-2
Added Pin To Net: NetName=GND Pin=C6-2
Added Pin To Net: NetName=GND Pin=C8-2
Added Pin To Net: NetName=GND Pin=C9-2
Added Pin To Net: NetName=GND Pin=C10-2
Added Pin To Net: NetName=GND Pin=C11-2
Added Pin To Net: NetName=GND Pin=C12-2
Added Pin To Net: NetName=GND Pin=C13-2
Added Pin To Net: NetName=GND Pin=C14-2
Added Pin To Net: NetName=GND Pin=C15-2
Added Pin To Net: NetName=GND Pin=C16-2
Added Pin To Net: NetName=GND Pin=C17-2
Added Pin To Net: NetName=GND Pin=C18-2
Added Pin To Net: NetName=GND Pin=C19-2
Added Pin To Net: NetName=GND Pin=C20-2
Added Pin To Net: NetName=GND Pin=C21-1
Added Pin To Net: NetName=GND Pin=C22-2
Added Pin To Net: NetName=GND Pin=C23-2
Added Pin To Net: NetName=GND Pin=C24-2
Added Pin To Net: NetName=GND Pin=C25-2
Added Pin To Net: NetName=GND Pin=C26-2
Added Pin To Net: NetName=GND Pin=C27-N
Added Pin To Net: NetName=GND Pin=C28-1
Added Pin To Net: NetName=GND Pin=C29-1
Added Pin To Net: NetName=GND Pin=C30-1
Added Pin To Net: NetName=GND Pin=D3-2
Added Pin To Net: NetName=GND Pin=J1-03
Added Pin To Net: NetName=GND Pin=J2-2
Added Pin To Net: NetName=GND Pin=J3-6
Added Pin To Net: NetName=GND Pin=J3-7
Added Pin To Net: NetName=GND Pin=J3-8
Added Pin To Net: NetName=GND Pin=J3-MH1
Added Pin To Net: NetName=GND Pin=J3-MH2
Added Pin To Net: NetName=GND Pin=J4-04
Added Pin To Net: NetName=GND Pin=J4-05
Added Pin To Net: NetName=GND Pin=J5-2
Added Pin To Net: NetName=GND Pin=Q3-3
Added Pin To Net: NetName=GND Pin=Q4-3
Added Pin To Net: NetName=GND Pin=R2-1
Added Pin To Net: NetName=GND Pin=R3-1
Added Pin To Net: NetName=GND Pin=R4-1
Added Pin To Net: NetName=GND Pin=R6-1
Added Pin To Net: NetName=GND Pin=R7-1
Added Pin To Net: NetName=GND Pin=R8-1
Added Pin To Net: NetName=GND Pin=R9-1
Added Pin To Net: NetName=GND Pin=R12-1
Added Pin To Net: NetName=GND Pin=R17-1
Added Pin To Net: NetName=GND Pin=R18-1
Added Pin To Net: NetName=GND Pin=R20-1
Added Pin To Net: NetName=GND Pin=R24-1
Added Pin To Net: NetName=GND Pin=U1-2
Added Pin To Net: NetName=GND Pin=U3-1
Added Pin To Net: NetName=GND Pin=U4-8
Added Pin To Net: NetName=GND Pin=U4-23
Added Pin To Net: NetName=GND Pin=U4-35
Added Pin To Net: NetName=GND Pin=U4-47
Added Pin To Net: NetName=GND Pin=U4-49
Added Pin To Net: NetName=GND Pin=U5-5
Added Pin To Net: NetName=GND Pin=U6-3
Added Pin To Net: NetName=GND Pin=U8-2
Added Net: Name=GND
Added Pin To Net: NetName=I2C_EEPROM_SCL Pin=R22-1
Added Pin To Net: NetName=I2C_EEPROM_SCL Pin=U4-21
Added Net: Name=I2C_EEPROM_SCL
Added Pin To Net: NetName=I2C_EEPROM_SDA Pin=R21-1
Added Pin To Net: NetName=I2C_EEPROM_SDA Pin=U4-22
Added Net: Name=I2C_EEPROM_SDA
Added Pin To Net: NetName=I2C_EEPROM_WP Pin=U4-20
Added Net: Name=I2C_EEPROM_WP
Added Pin To Net: NetName=MT_ENC_A Pin=R15-2
Added Pin To Net: NetName=MT_ENC_A Pin=R17-2
Added Pin To Net: NetName=MT_ENC_A Pin=U4-10
Added Net: Name=MT_ENC_A
Added Pin To Net: NetName=MT_ENC_B Pin=R16-2
Added Pin To Net: NetName=MT_ENC_B Pin=R18-2
Added Pin To Net: NetName=MT_ENC_B Pin=U4-11
Added Net: Name=MT_ENC_B
Added Pin To Net: NetName=NetC1_1 Pin=C1-1
Added Pin To Net: NetName=NetC1_1 Pin=U1-1
Added Net: Name=NetC1_1
Added Pin To Net: NetName=NetC1_2 Pin=C1-2
Added Pin To Net: NetName=NetC1_2 Pin=D3-1
Added Pin To Net: NetName=NetC1_2 Pin=L1-1
Added Pin To Net: NetName=NetC1_2 Pin=U1-6
Added Net: Name=NetC1_2
Added Pin To Net: NetName=NetC6_1 Pin=C6-1
Added Net: Name=NetC6_1
Added Pin To Net: NetName=NetC7_1 Pin=C7-1
Added Pin To Net: NetName=NetC7_1 Pin=U3-6
Added Net: Name=NetC7_1
Added Pin To Net: NetName=NetC7_2 Pin=C7-2
Added Pin To Net: NetName=NetC7_2 Pin=L2-1
Added Pin To Net: NetName=NetC7_2 Pin=U3-2
Added Net: Name=NetC7_2
Added Pin To Net: NetName=NetC19_1 Pin=C19-1
Added Pin To Net: NetName=NetC19_1 Pin=C20-1
Added Pin To Net: NetName=NetC19_1 Pin=FB1-1
Added Pin To Net: NetName=NetC19_1 Pin=U4-9
Added Net: Name=NetC19_1
Added Pin To Net: NetName=NetC22_1 Pin=C22-1
Added Pin To Net: NetName=NetC22_1 Pin=R13-2
Added Pin To Net: NetName=NetC22_1 Pin=XTAL1-2
Added Net: Name=NetC22_1
Added Pin To Net: NetName=NetC23_1 Pin=C23-1
Added Pin To Net: NetName=NetC23_1 Pin=R14-2
Added Pin To Net: NetName=NetC23_1 Pin=XTAL1-1
Added Net: Name=NetC23_1
Added Pin To Net: NetName=NetC31_1 Pin=C31-1
Added Net: Name=NetC31_1
Added Pin To Net: NetName=NetC31_2 Pin=C31-2
Added Pin To Net: NetName=NetC31_2 Pin=C33-1
Added Pin To Net: NetName=NetC31_2 Pin=J6-2
Added Net: Name=NetC31_2
Added Pin To Net: NetName=NetC32_1 Pin=C32-1
Added Net: Name=NetC32_1
Added Pin To Net: NetName=NetC32_2 Pin=C32-2
Added Pin To Net: NetName=NetC32_2 Pin=C33-2
Added Pin To Net: NetName=NetC32_2 Pin=J6-1
Added Net: Name=NetC32_2
Added Pin To Net: NetName=NetD1_1 Pin=D1-1
Added Pin To Net: NetName=NetD1_1 Pin=R4-2
Added Net: Name=NetD1_1
Added Pin To Net: NetName=NetD2_1 Pin=D2-1
Added Pin To Net: NetName=NetD2_1 Pin=R2-2
Added Net: Name=NetD2_1
Added Pin To Net: NetName=NetD4_1 Pin=D4-1
Added Pin To Net: NetName=NetD4_1 Pin=R7-2
Added Net: Name=NetD4_1
Added Pin To Net: NetName=NetD5_1 Pin=D5-1
Added Pin To Net: NetName=NetD5_1 Pin=R8-2
Added Net: Name=NetD5_1
Added Pin To Net: NetName=NetD6_1 Pin=D6-1
Added Pin To Net: NetName=NetD6_1 Pin=R9-2
Added Net: Name=NetD6_1
Added Pin To Net: NetName=NetJ4_02 Pin=J4-02
Added Pin To Net: NetName=NetJ4_02 Pin=R15-1
Added Net: Name=NetJ4_02
Added Pin To Net: NetName=NetJ4_03 Pin=J4-03
Added Pin To Net: NetName=NetJ4_03 Pin=R16-1
Added Net: Name=NetJ4_03
Added Pin To Net: NetName=NetQ1_1 Pin=Q1-1
Added Pin To Net: NetName=NetQ1_1 Pin=R25-2
Added Net: Name=NetQ1_1
Added Pin To Net: NetName=NetQ1_2 Pin=Q1-2
Added Pin To Net: NetName=NetQ1_2 Pin=Q2-2
Added Pin To Net: NetName=NetQ1_2 Pin=R23-1
Added Pin To Net: NetName=NetQ1_2 Pin=U8-4
Added Net: Name=NetQ1_2
Added Pin To Net: NetName=NetQ1_3 Pin=Q1-3
Added Pin To Net: NetName=NetQ1_3 Pin=Q3-2
Added Net: Name=NetQ1_3
Added Pin To Net: NetName=NetQ2_1 Pin=Q2-1
Added Pin To Net: NetName=NetQ2_1 Pin=R26-2
Added Net: Name=NetQ2_1
Added Pin To Net: NetName=NetQ2_3 Pin=Q2-3
Added Pin To Net: NetName=NetQ2_3 Pin=Q4-2
Added Net: Name=NetQ2_3
Added Pin To Net: NetName=NetQ3_1 Pin=Q3-1
Added Pin To Net: NetName=NetQ3_1 Pin=R27-2
Added Net: Name=NetQ3_1
Added Pin To Net: NetName=NetQ4_1 Pin=Q4-1
Added Pin To Net: NetName=NetQ4_1 Pin=R28-2
Added Net: Name=NetQ4_1
Added Pin To Net: NetName=NetR5_1 Pin=R5-1
Added Pin To Net: NetName=NetR5_1 Pin=R6-2
Added Pin To Net: NetName=NetR5_1 Pin=U3-4
Added Net: Name=NetR5_1
Added Pin To Net: NetName=NetR13_1 Pin=R13-1
Added Pin To Net: NetName=NetR13_1 Pin=U4-5
Added Net: Name=NetR13_1
Added Pin To Net: NetName=NetR14_1 Pin=R14-1
Added Pin To Net: NetName=NetR14_1 Pin=U4-6
Added Net: Name=NetR14_1
Added Pin To Net: NetName=NetR25_1 Pin=R25-1
Added Net: Name=NetR25_1
Added Pin To Net: NetName=NetR26_1 Pin=R26-1
Added Net: Name=NetR26_1
Added Pin To Net: NetName=NetR27_1 Pin=R27-1
Added Net: Name=NetR27_1
Added Pin To Net: NetName=NetR28_1 Pin=R28-1
Added Net: Name=NetR28_1
Added Pin To Net: NetName=nRST Pin=C21-2
Added Pin To Net: NetName=nRST Pin=J1-05
Added Pin To Net: NetName=nRST Pin=R10-1
Added Pin To Net: NetName=nRST Pin=U4-7
Added Net: Name=nRST
Added Pin To Net: NetName=PWM_H1 Pin=U4-40
Added Net: Name=PWM_H1
Added Pin To Net: NetName=PWM_H2 Pin=U4-18
Added Net: Name=PWM_H2
Added Pin To Net: NetName=PWM_L1 Pin=U4-41
Added Net: Name=PWM_L1
Added Pin To Net: NetName=PWM_L2 Pin=U4-19
Added Net: Name=PWM_L2
Added Pin To Net: NetName=RS485_DE Pin=U4-33
Added Pin To Net: NetName=RS485_DE Pin=U5-2
Added Pin To Net: NetName=RS485_DE Pin=U5-3
Added Net: Name=RS485_DE
Added Pin To Net: NetName=RS485_N Pin=J3-2
Added Pin To Net: NetName=RS485_N Pin=U5-7
Added Net: Name=RS485_N
Added Pin To Net: NetName=RS485_P Pin=J3-3
Added Pin To Net: NetName=RS485_P Pin=U5-6
Added Net: Name=RS485_P
Added Pin To Net: NetName=RS485_RX Pin=U4-31
Added Pin To Net: NetName=RS485_RX Pin=U5-1
Added Net: Name=RS485_RX
Added Pin To Net: NetName=RS485_TX Pin=U4-30
Added Pin To Net: NetName=RS485_TX Pin=U5-4
Added Net: Name=RS485_TX
Added Pin To Net: NetName=RUN Pin=D4-2
Added Pin To Net: NetName=RUN Pin=U4-27
Added Net: Name=RUN
Added Pin To Net: NetName=SWCLK Pin=J1-02
Added Pin To Net: NetName=SWCLK Pin=U4-37
Added Net: Name=SWCLK
Added Pin To Net: NetName=SWDIO Pin=J1-04
Added Pin To Net: NetName=SWDIO Pin=U4-34
Added Net: Name=SWDIO
Added Pin To Net: NetName=SYS_TEMP Pin=C18-1
Added Pin To Net: NetName=SYS_TEMP Pin=J2-1
Added Pin To Net: NetName=SYS_TEMP Pin=U4-14
Added Net: Name=SYS_TEMP
Added Pin To Net: NetName=VBUS_CURRENT Pin=C28-2
Added Pin To Net: NetName=VBUS_CURRENT Pin=R24-2
Added Pin To Net: NetName=VBUS_CURRENT Pin=U4-12
Added Pin To Net: NetName=VBUS_CURRENT Pin=U8-1
Added Net: Name=VBUS_CURRENT
Added Pin To Net: NetName=VBUS_VOLTAGE Pin=R19-1
Added Pin To Net: NetName=VBUS_VOLTAGE Pin=R20-2
Added Pin To Net: NetName=VBUS_VOLTAGE Pin=U4-13
Added Net: Name=VBUS_VOLTAGE
Added Class: Name=MCU And Peripherals
Added Class: Name=MCU Peripherals
Added Class: Name=Motor Drivers
Added Class: Name=Power Regulators
Added Differential Pair: Name=CAN
Added Differential Pair: Name=RS485
Added Rule: Name=Schematic Supply Nets
Added Rule: Name=Schematic Supply Nets_1
Added Rule: Name=Schematic Supply Nets_2
Added Rule: Name=Schematic Supply Nets_3
Added Rule: Name=Schematic Supply Nets_4
Added Class: Name=CAN_DIFF
Added Class: Name=RS485_DIFF
